2018-03-01 17:31:23 trace :
------------
String:
<xml><ToUserName><![CDATA[gh_fd65659f2e7f]]></ToUserName>
<FromUserName><![CDATA[oGhiT09Fl5RcWLIpgQZKmAKegkCw]]></FromUserName>
<CreateTime>1519896683</CreateTime>
<MsgType><![CDATA[event]]></MsgType>
<Event><![CDATA[VIEW]]></Event>
<EventKey><![CDATA[http://v.cqfswl.cn/app/index.php?i=2&c=entry&storeid=6&do=wmlist&m=weisrc_dish&mode=2]]></EventKey>
<MenuId>468395291</MenuId>
</xml>

2018-03-01 17:31:23 params :
------------
String:
array (
  'rule' => -2,
  'module' => '',
  'message' => 
  array (
    'tousername' => 'gh_fd65659f2e7f',
    'fromusername' => 'oGhiT09Fl5RcWLIpgQZKmAKegkCw',
    'createtime' => '1519896683',
    'msgtype' => 'event',
    'event' => 'VIEW',
    'eventkey' => 'http://v.cqfswl.cn/app/index.php?i=2&c=entry&storeid=6&do=wmlist&m=weisrc_dish&mode=2',
    'menuid' => '468395291',
    'from' => 'oGhiT09Fl5RcWLIpgQZKmAKegkCw',
    'to' => 'gh_fd65659f2e7f',
    'time' => '1519896683',
    'type' => 'text',
    'content' => 'http://v.cqfswl.cn/app/index.php?i=2&c=entry&storeid=6&do=wmlist&m=weisrc_dish&mode=2',
    'redirection' => true,
    'source' => 'VIEW',
  ),
)

2018-03-01 17:31:23 response :
------------

2018-03-01 17:34:24 trace :
------------
String:
<xml><ToUserName><![CDATA[gh_fd65659f2e7f]]></ToUserName>
<FromUserName><![CDATA[oGhiT09Fl5RcWLIpgQZKmAKegkCw]]></FromUserName>
<CreateTime>1519896864</CreateTime>
<MsgType><![CDATA[event]]></MsgType>
<Event><![CDATA[VIEW]]></Event>
<EventKey><![CDATA[http://v.cqfswl.cn/app/index.php?i=2&c=entry&storeid=6&do=wmlist&m=weisrc_dish&mode=2]]></EventKey>
<MenuId>468395291</MenuId>
</xml>

2018-03-01 17:34:24 params :
------------
String:
array (
  'rule' => -2,
  'module' => '',
  'message' => 
  array (
    'tousername' => 'gh_fd65659f2e7f',
    'fromusername' => 'oGhiT09Fl5RcWLIpgQZKmAKegkCw',
    'createtime' => '1519896864',
    'msgtype' => 'event',
    'event' => 'VIEW',
    'eventkey' => 'http://v.cqfswl.cn/app/index.php?i=2&c=entry&storeid=6&do=wmlist&m=weisrc_dish&mode=2',
    'menuid' => '468395291',
    'from' => 'oGhiT09Fl5RcWLIpgQZKmAKegkCw',
    'to' => 'gh_fd65659f2e7f',
    'time' => '1519896864',
    'type' => 'text',
    'content' => 'http://v.cqfswl.cn/app/index.php?i=2&c=entry&storeid=6&do=wmlist&m=weisrc_dish&mode=2',
    'redirection' => true,
    'source' => 'VIEW',
  ),
)

2018-03-01 17:34:24 response :
------------

