array (
  'tousername' => 'gh_81b958a92017',
  'fromusername' => 'oOmaRt8rt4RejfnwpemN9XkOzDF8',
  'createtime' => '1505027203',
  'msgtype' => 'event',
  'event' => 'SCAN',
  'eventkey' => 'fxdish_2',
  'ticket' => 'gQEN8jwAAAAAAAAAAS5odHRwOi8vd2VpeGluLnFxLmNvbS9xLzAyQzZ3TmhYV0NhaFQxMDAwMDAwN2YAAgSL4bRZAwQAAAAA',
  'from' => 'oOmaRt8rt4RejfnwpemN9XkOzDF8',
  'to' => 'gh_81b958a92017',
  'time' => '1505027203',
  'type' => 'text',
  'scene' => 'fxdish_2',
  'redirection' => true,
  'source' => 'qr',
  'content' => '餐饮分销',
)
array (
  'tousername' => 'gh_81b958a92017',
  'fromusername' => 'oOmaRt8rt4RejfnwpemN9XkOzDF8',
  'createtime' => '1505027311',
  'msgtype' => 'event',
  'event' => 'subscribe',
  'eventkey' => 'qrscene_fxdish_2',
  'ticket' => 'gQEN8jwAAAAAAAAAAS5odHRwOi8vd2VpeGluLnFxLmNvbS9xLzAyQzZ3TmhYV0NhaFQxMDAwMDAwN2YAAgSL4bRZAwQAAAAA',
  'from' => 'oOmaRt8rt4RejfnwpemN9XkOzDF8',
  'to' => 'gh_81b958a92017',
  'time' => '1505027311',
  'type' => 'text',
  'scene' => 'fxdish_2',
  'redirection' => true,
  'source' => 'qr',
  'content' => '餐饮分销',
)
array (
  'tousername' => 'gh_81b958a92017',
  'fromusername' => 'oOmaRty_uxcDA-6cZiXTyxJQ6GMc',
  'createtime' => '1505027470',
  'msgtype' => 'event',
  'event' => 'SCAN',
  'eventkey' => 'fxdish_2',
  'ticket' => 'gQEN8jwAAAAAAAAAAS5odHRwOi8vd2VpeGluLnFxLmNvbS9xLzAyQzZ3TmhYV0NhaFQxMDAwMDAwN2YAAgSL4bRZAwQAAAAA',
  'from' => 'oOmaRty_uxcDA-6cZiXTyxJQ6GMc',
  'to' => 'gh_81b958a92017',
  'time' => '1505027470',
  'type' => 'text',
  'scene' => 'fxdish_2',
  'redirection' => true,
  'source' => 'qr',
  'content' => '餐饮分销',
)
array (
  'tousername' => 'gh_81b958a92017',
  'fromusername' => 'oOmaRt8rt4RejfnwpemN9XkOzDF8',
  'createtime' => '1505034046',
  'msgtype' => 'event',
  'event' => 'SCAN',
  'eventkey' => 'fxdish_2',
  'ticket' => 'gQEN8jwAAAAAAAAAAS5odHRwOi8vd2VpeGluLnFxLmNvbS9xLzAyQzZ3TmhYV0NhaFQxMDAwMDAwN2YAAgSL4bRZAwQAAAAA',
  'from' => 'oOmaRt8rt4RejfnwpemN9XkOzDF8',
  'to' => 'gh_81b958a92017',
  'time' => '1505034046',
  'type' => 'text',
  'scene' => 'fxdish_2',
  'redirection' => true,
  'source' => 'qr',
  'content' => '餐饮分销',
)
