array (
  'weid' => NULL,
  'uniacid' => '2',
  'acid' => '2',
  'result' => 'success',
  'type' => 'wechat',
  'from' => 'notify',
  'tid' => '39',
  'uniontid' => '2018011715060000001222366647',
  'transaction_id' => NULL,
  'trade_type' => 'JSAPI',
  'follow' => 1,
  'user' => 'oGhiT09Fl5RcWLIpgQZKmAKegkCw',
  'fee' => '0.01',
  'tag' => 
  array (
    'acid' => '2',
    'uid' => NULL,
    'transaction_id' => '4200000052201801175614909666',
  ),
  'is_usecard' => '0',
  'card_type' => '0',
  'card_fee' => '0.01',
  'card_id' => '0',
  'paytime' => 1516173316,
)
array (
  'weid' => NULL,
  'uniacid' => '2',
  'acid' => '2',
  'result' => 'success',
  'type' => 'wechat',
  'from' => 'notify',
  'tid' => '40',
  'uniontid' => '2018011715211300001226243497',
  'transaction_id' => NULL,
  'trade_type' => 'JSAPI',
  'follow' => 1,
  'user' => 'oGhiT09Fl5RcWLIpgQZKmAKegkCw',
  'fee' => '0.01',
  'tag' => 
  array (
    'acid' => '2',
    'uid' => NULL,
    'transaction_id' => '4200000079201801175752416998',
  ),
  'is_usecard' => '0',
  'card_type' => '0',
  'card_fee' => '0.01',
  'card_id' => '0',
  'paytime' => 1516173681,
)
array (
  'weid' => NULL,
  'uniacid' => '2',
  'acid' => '2',
  'result' => 'success',
  'type' => 'wechat',
  'from' => 'notify',
  'tid' => '51',
  'uniontid' => '2018020618304400001266112274',
  'transaction_id' => NULL,
  'trade_type' => 'JSAPI',
  'follow' => 1,
  'user' => 'oGhiT08dawxnIbhsscOBUX3mAl6g',
  'fee' => '39.02',
  'tag' => 
  array (
    'acid' => '2',
    'uid' => NULL,
    'transaction_id' => '4200000062201802068328487500',
  ),
  'is_usecard' => '0',
  'card_type' => '0',
  'card_fee' => '39.02',
  'card_id' => '0',
  'paytime' => 1517913049,
)
array (
  'weid' => NULL,
  'uniacid' => '2',
  'acid' => '2',
  'result' => 'success',
  'type' => 'wechat',
  'from' => 'notify',
  'tid' => '52',
  'uniontid' => '2018020618534000001266786001',
  'transaction_id' => NULL,
  'trade_type' => 'JSAPI',
  'follow' => 1,
  'user' => 'oGhiT09Fl5RcWLIpgQZKmAKegkCw',
  'fee' => '18.00',
  'tag' => 
  array (
    'acid' => '2',
    'uid' => NULL,
    'transaction_id' => '4200000064201802068316382428',
  ),
  'is_usecard' => '0',
  'card_type' => '0',
  'card_fee' => '18.00',
  'card_id' => '0',
  'paytime' => 1517914427,
)
array (
  'weid' => NULL,
  'uniacid' => '2',
  'acid' => '2',
  'result' => 'success',
  'type' => 'wechat',
  'from' => 'notify',
  'tid' => '53',
  'uniontid' => '2018020710180900001216824468',
  'transaction_id' => NULL,
  'trade_type' => 'JSAPI',
  'follow' => 1,
  'user' => 'oGhiT09Fl5RcWLIpgQZKmAKegkCw',
  'fee' => '24.00',
  'tag' => 
  array (
    'acid' => '2',
    'uid' => NULL,
    'transaction_id' => '4200000055201802078639632346',
  ),
  'is_usecard' => '0',
  'card_type' => '0',
  'card_fee' => '24.00',
  'card_id' => '0',
  'paytime' => 1517969897,
)
array (
  'weid' => NULL,
  'uniacid' => '2',
  'acid' => '2',
  'result' => 'success',
  'type' => 'wechat',
  'from' => 'notify',
  'tid' => '55',
  'uniontid' => '2018020711381100001221048344',
  'transaction_id' => NULL,
  'trade_type' => 'JSAPI',
  'follow' => 1,
  'user' => 'oGhiT09Fl5RcWLIpgQZKmAKegkCw',
  'fee' => '2.00',
  'tag' => 
  array (
    'acid' => '2',
    'uid' => NULL,
    'transaction_id' => '4200000060201802078626092992',
  ),
  'is_usecard' => '0',
  'card_type' => '0',
  'card_fee' => '2.00',
  'card_id' => '0',
  'paytime' => 1517974698,
)
array (
  'weid' => NULL,
  'uniacid' => '2',
  'acid' => '2',
  'result' => 'success',
  'type' => 'wechat',
  'from' => 'notify',
  'tid' => '56',
  'uniontid' => '2018020714344400001222020245',
  'transaction_id' => NULL,
  'trade_type' => 'JSAPI',
  'follow' => 1,
  'user' => 'oGhiT09Fl5RcWLIpgQZKmAKegkCw',
  'fee' => '2.00',
  'tag' => 
  array (
    'acid' => '2',
    'uid' => '2',
    'transaction_id' => '4200000066201802078665637225',
  ),
  'is_usecard' => '0',
  'card_type' => '0',
  'card_fee' => '2.00',
  'card_id' => '0',
  'paytime' => 1517985292,
)
array (
  'weid' => NULL,
  'uniacid' => '2',
  'acid' => '2',
  'result' => 'success',
  'type' => 'wechat',
  'from' => 'notify',
  'tid' => '61',
  'uniontid' => '2018020717423600001208247988',
  'transaction_id' => NULL,
  'trade_type' => 'JSAPI',
  'follow' => 1,
  'user' => 'oGhiT09Fl5RcWLIpgQZKmAKegkCw',
  'fee' => '2.00',
  'tag' => 
  array (
    'acid' => '2',
    'uid' => '2',
    'transaction_id' => '4200000057201802078866275739',
  ),
  'is_usecard' => '0',
  'card_type' => '0',
  'card_fee' => '2.00',
  'card_id' => '0',
  'paytime' => 1517996563,
)
array (
  'result' => 'success',
  'type' => 'credit',
  'from' => 'notify',
  'tid' => '42',
  'user' => '2',
  'fee' => '0.01',
  'weid' => NULL,
  'uniacid' => '2',
  'acid' => '2',
  'is_usecard' => '0',
  'card_type' => '0',
  'card_fee' => '0.01',
  'card_id' => '0',
)
array (
  'weid' => NULL,
  'uniacid' => '2',
  'acid' => '2',
  'result' => 'success',
  'type' => 'wechat',
  'from' => 'notify',
  'tid' => '64',
  'uniontid' => '2018020718253400001283258322',
  'transaction_id' => NULL,
  'trade_type' => 'JSAPI',
  'follow' => 1,
  'user' => 'oGhiT08dawxnIbhsscOBUX3mAl6g',
  'fee' => '2.00',
  'tag' => 
  array (
    'acid' => '2',
    'uid' => NULL,
    'transaction_id' => '4200000057201802078920757378',
  ),
  'is_usecard' => '0',
  'card_type' => '0',
  'card_fee' => '2.00',
  'card_id' => '0',
  'paytime' => 1517999139,
)
array (
  'weid' => NULL,
  'uniacid' => '2',
  'acid' => '2',
  'result' => 'success',
  'type' => 'wechat',
  'from' => 'notify',
  'tid' => '66',
  'uniontid' => '2018020718344100001228847416',
  'transaction_id' => NULL,
  'trade_type' => 'JSAPI',
  'follow' => 1,
  'user' => 'oGhiT08dawxnIbhsscOBUX3mAl6g',
  'fee' => '2.00',
  'tag' => 
  array (
    'acid' => '2',
    'uid' => '3',
    'transaction_id' => '4200000076201802078990430987',
  ),
  'is_usecard' => '0',
  'card_type' => '0',
  'card_fee' => '2.00',
  'card_id' => '0',
  'paytime' => 1517999689,
)
array (
  'weid' => NULL,
  'uniacid' => '2',
  'acid' => '2',
  'result' => 'success',
  'type' => 'wechat',
  'from' => 'notify',
  'tid' => '67',
  'uniontid' => '2018020721310500001221802543',
  'transaction_id' => NULL,
  'trade_type' => 'JSAPI',
  'follow' => 1,
  'user' => 'oGhiT08DdQ3b8QmEFULQNLTEgA7g',
  'fee' => '2.00',
  'tag' => 
  array (
    'acid' => '2',
    'uid' => '4',
    'transaction_id' => '4200000078201802078952229854',
  ),
  'is_usecard' => '0',
  'card_type' => '0',
  'card_fee' => '2.00',
  'card_id' => '0',
  'paytime' => 1518010284,
)
array (
  'weid' => NULL,
  'uniacid' => '2',
  'acid' => '2',
  'result' => 'success',
  'type' => 'wechat',
  'from' => 'notify',
  'tid' => '68',
  'uniontid' => '2018020721383900001284548737',
  'transaction_id' => NULL,
  'trade_type' => 'JSAPI',
  'follow' => 1,
  'user' => 'oGhiT09Fl5RcWLIpgQZKmAKegkCw',
  'fee' => '2.00',
  'tag' => 
  array (
    'acid' => '2',
    'uid' => '2',
    'transaction_id' => '4200000078201802079048726807',
  ),
  'is_usecard' => '0',
  'card_type' => '0',
  'card_fee' => '2.00',
  'card_id' => '0',
  'paytime' => 1518010728,
)
array (
  'weid' => NULL,
  'uniacid' => '2',
  'acid' => '2',
  'result' => 'success',
  'type' => 'wechat',
  'from' => 'notify',
  'tid' => '69',
  'uniontid' => '2018020722093400001226689198',
  'transaction_id' => NULL,
  'trade_type' => 'JSAPI',
  'follow' => 1,
  'user' => 'oGhiT09Fl5RcWLIpgQZKmAKegkCw',
  'fee' => '2.00',
  'tag' => 
  array (
    'acid' => '2',
    'uid' => '2',
    'transaction_id' => '4200000060201802079058832380',
  ),
  'is_usecard' => '0',
  'card_type' => '0',
  'card_fee' => '2.00',
  'card_id' => '0',
  'paytime' => 1518012581,
)
array (
  'result' => 'success',
  'type' => 'credit',
  'from' => 'notify',
  'tid' => '70',
  'user' => '2',
  'fee' => '0.02',
  'weid' => NULL,
  'uniacid' => '2',
  'acid' => '2',
  'is_usecard' => '0',
  'card_type' => '0',
  'card_fee' => '0.02',
  'card_id' => '0',
)
array (
  'result' => 'success',
  'type' => 'credit',
  'from' => 'notify',
  'tid' => '71',
  'user' => '4',
  'fee' => '0.02',
  'weid' => NULL,
  'uniacid' => '2',
  'acid' => '2',
  'is_usecard' => '0',
  'card_type' => '0',
  'card_fee' => '0.02',
  'card_id' => '0',
)
array (
  'result' => 'success',
  'type' => 'credit',
  'from' => 'notify',
  'tid' => '72',
  'user' => '4',
  'fee' => '0.02',
  'weid' => NULL,
  'uniacid' => '2',
  'acid' => '2',
  'is_usecard' => '0',
  'card_type' => '0',
  'card_fee' => '0.02',
  'card_id' => '0',
)
array (
  'result' => 'success',
  'type' => 'credit',
  'from' => 'notify',
  'tid' => '73',
  'user' => '4',
  'fee' => '1.01',
  'weid' => NULL,
  'uniacid' => '2',
  'acid' => '2',
  'is_usecard' => '0',
  'card_type' => '0',
  'card_fee' => '1.01',
  'card_id' => '0',
)
